172
2 168 124 
2 178 160 
2 238 113 
2 478 406 
2 291 104 
2 181 112 
2 133 20 
2 27 108 
2 398 109 
2 83 429 
2 448 491 
2 375 450 
2 99 388 
2 447 103 
2 424 9 
2 143 157 
2 245 213 
2 122 460 
2 95 12 
2 365 403 
2 295 64 
2 304 322 
2 479 205 
2 308 237 
2 96 80 
2 306 410 
2 463 153 
2 369 206 
2 144 171 
2 386 262 
2 81 419 
2 78 141 
2 77 283 
2 148 455 
2 354 311 
2 397 287 
2 11 273 
2 152 321 
2 200 91 
2 142 251 
2 48 42 
2 177 212 
2 180 69 
2 401 90 
2 439 43 
2 430 370 
2 197 485 
2 203 486 
2 499 334 
2 154 443 
2 440 252 
2 222 335 
2 211 263 
2 467 35 
2 13 387 
2 453 86 
2 389 475 
2 349 46 
2 132 446 
2 284 65 
2 85 30 
2 93 357 
2 298 376 
2 2 216 
2 286 221 
3 280 8 353 
3 226 472 16 
3 130 52 125 
3 233 193 278 
3 38 59 199 
3 236 34 302 
3 140 123 402 
3 405 279 267 
3 361 89 67 
3 457 300 339 
3 433 348 432 
3 329 346 489 
3 425 434 323 
3 325 128 116 
3 214 377 427 
3 421 258 468 
3 105 22 224 
3 189 332 159 
3 320 318 482 
3 246 88 190 
3 487 1 58 
3 49 207 371 
3 359 150 255 
3 366 476 172 
3 391 390 356 
3 170 57 459 
3 259 452 145 
3 337 355 345 
3 347 15 155 
3 464 493 210 
3 315 56 55 
3 60 235 250 
3 37 445 426 
3 420 328 396 
3 129 327 117 
3 381 437 173 
3 495 269 299 
3 232 407 301 
3 61 336 119 
3 413 36 120 
3 126 494 444 
3 220 247 341 
3 225 185 26 
3 285 87 198 
3 73 294 418 
3 461 438 68 
3 496 5 127 
3 149 342 192 
3 165 469 404 
3 305 270 293 
3 330 243 6 
3 158 314 268 
3 164 156 183 
3 451 147 97 
3 166 215 195 
3 167 367 29 
3 372 307 358 
3 187 28 352 
3 239 382 470 
3 179 260 10 
4 31 240 0 208 
4 400 264 458 146 
4 333 139 309 201 
4 316 466 261 79 
4 274 271 474 380 
4 281 161 14 313 
4 94 471 231 257 
4 393 115 24 417 
4 254 303 98 134 
4 163 363 230 379 
4 385 3 209 174 
4 33 17 290 399 
4 228 101 84 416 
4 498 484 408 288 
4 497 162 490 324 
4 483 21 312 135 
4 409 338 331 219 
4 481 422 412 449 
4 138 66 473 151 
4 395 137 362 411 
4 175 118 121 45 
4 186 249 384 256 
4 383 196 136 75 
4 114 131 360 275 
4 253 169 242 23 
4 344 18 241 277 
4 19 276 431 234 
4 317 176 182 248 
4 111 272 54 319 
4 350 102 465 188 
4 107 82 310 442 
4 488 492 373 217 
4 415 456 454 4 
4 378 351 296 223 
4 392 7 184 462 
4 394 297 41 191 
4 480 62 70 326 
4 414 44 202 364 
4 477 265 441 47 
4 423 340 244 292 
4 428 72 32 92 
4 343 71 282 50 
4 110 100 25 39 
4 289 266 63 40 
4 229 368 194 374 
4 51 204 218 227 
4 76 74 53 106 
