1628
2 3276 3295 
2 3076 7779 
2 2112 1572 
2 1730 737 
2 5338 7021 
2 8893 5236 
2 6296 8737 
2 5367 9907 
2 1121 9535 
2 288 5408 
2 5266 7449 
2 9827 4319 
2 5264 4215 
2 6700 1258 
2 1328 3982 
2 1202 1618 
2 5695 3246 
2 3404 4787 
2 7287 9809 
2 2429 5551 
2 9869 6948 
2 8124 8709 
2 6826 8758 
2 8718 752 
2 5979 3741 
2 4948 8907 
2 9027 6562 
2 7867 3179 
2 5234 8188 
2 9072 3166 
2 5570 861 
2 3893 9047 
2 5377 9069 
2 5015 6321 
2 870 3330 
2 1308 4498 
2 1436 8732 
2 4887 3241 
2 2785 3989 
2 4197 6640 
2 515 2195 
2 9845 8253 
2 9646 1635 
2 587 3616 
2 643 3887 
2 9075 7631 
2 581 1425 
2 3639 7470 
2 43 6788 
2 3035 9488 
2 9574 3039 
2 4721 9057 
2 3928 3209 
2 6653 6106 
2 8394 3916 
2 3493 648 
2 6819 9418 
2 1944 3731 
2 7151 305 
2 4017 3275 
2 9009 1819 
2 1709 9671 
2 1817 4211 
2 3831 1077 
2 4811 6677 
2 3263 8771 
2 7585 7857 
2 6861 7101 
2 7096 9289 
2 6354 5807 
2 4792 6823 
2 1470 7594 
2 3362 6135 
2 4494 5982 
2 8463 4563 
2 5112 9115 
2 3682 546 
2 34 5576 
2 519 8822 
2 5578 5306 
2 9986 8316 
2 459 3798 
2 9319 1653 
2 7929 3909 
2 4644 826 
2 8236 5886 
2 9201 1892 
2 3483 3581 
2 5416 6168 
2 2607 9684 
2 83 9998 
2 7772 9930 
2 9669 2344 
2 7294 3934 
2 575 8764 
2 8755 3963 
2 5014 9017 
2 1945 3904 
2 5640 20 
2 2757 1675 
2 6144 6670 
2 2801 6918 
2 4031 3391 
2 4587 5210 
2 7590 5950 
2 7333 3426 
2 8541 5357 
2 6358 8152 
2 1832 9703 
2 9482 145 
2 1100 249 
2 6854 5842 
2 1912 2787 
2 3486 6493 
2 8175 1822 
2 2383 898 
2 6351 598 
2 8305 8559 
2 8805 7965 
2 1235 1257 
2 9369 9567 
2 7345 3777 
2 4507 2131 
2 9848 4163 
2 8885 8919 
2 6412 6855 
2 1030 9364 
2 9700 4956 
2 5080 836 
2 5680 6143 
2 3477 3603 
2 2553 7393 
2 5947 9408 
2 5882 6558 
2 9642 3160 
2 9495 4240 
2 4242 3148 
2 6323 7761 
2 2049 2478 
2 8268 9278 
2 9103 5289 
2 2966 816 
2 7202 6659 
2 5444 159 
2 5491 9141 
2 701 3120 
2 8617 3353 
2 8377 1782 
2 1166 6360 
2 4612 8490 
2 14 799 
2 1033 4697 
2 2996 3889 
2 9636 4049 
2 237 526 
2 1266 8556 
2 8648 9345 
2 6747 6891 
2 9727 6476 
2 4597 714 
2 7364 697 
2 6900 6982 
2 3239 524 
2 5370 3378 
2 4356 2608 
2 2351 4117 
2 7302 763 
2 6108 9316 
2 8204 9764 
2 963 4874 
2 4076 8779 
2 9208 7403 
2 3929 814 
2 3786 3079 
2 1953 7690 
2 7789 6945 
2 9710 4295 
2 8260 6736 
2 8858 8675 
2 4097 7341 
2 1095 2949 
2 5582 5872 
2 3315 8392 
2 5224 3084 
2 2766 9068 
2 7522 5334 
2 1349 2402 
2 8028 5790 
2 8507 3723 
2 4142 3337 
2 6636 8891 
2 738 4388 
2 3551 2492 
2 2577 7144 
2 1463 5831 
2 4131 2864 
2 5591 463 
2 9656 9657 
2 6604 7256 
2 9226 493 
2 6940 2132 
2 6495 6515 
2 5996 3555 
2 9079 6436 
2 8890 1423 
2 868 7427 
2 1447 5597 
2 8636 6812 
2 5691 5759 
2 7163 9053 
2 4566 8899 
2 3326 7866 
2 5600 5208 
2 2240 2568 
2 7764 9430 
2 7472 53 
2 8698 5323 
2 3809 5157 
2 6242 3825 
2 275 4475 
2 3379 3694 
2 9359 3165 
2 6865 3783 
2 3372 5613 
2 3260 8922 
2 4334 1604 
2 2675 1773 
2 374 3836 
2 7068 5778 
2 1805 3328 
2 7742 3954 
2 1421 5571 
2 1664 4025 
2 1563 3414 
2 4584 9995 
2 7628 2054 
2 1943 1649 
2 6729 3339 
2 2950 8787 
2 2076 7048 
2 7576 6962 
2 1187 3488 
2 856 2560 
2 7276 537 
2 1502 7367 
2 1660 1620 
2 4918 204 
2 8420 7010 
2 5542 4705 
2 8165 7063 
2 9501 1430 
2 8089 7647 
2 7023 3751 
2 8040 3230 
2 2711 1418 
2 4397 5388 
2 50 9893 
2 5940 2415 
2 4803 3965 
2 5726 3577 
2 3058 4528 
2 4340 5781 
2 7813 7123 
2 4226 2952 
2 3873 5868 
2 5823 2294 
2 5555 9824 
2 4444 8678 
2 6544 3757 
2 2829 9803 
2 6922 3117 
2 8852 9731 
2 296 7476 
2 7698 9762 
2 6024 1496 
2 2810 5372 
2 9283 4414 
2 2690 7119 
2 6174 3188 
2 9155 3681 
2 2471 3023 
2 9007 8659 
2 1552 190 
2 1020 5486 
2 397 1488 
2 1778 4743 
2 2739 7701 
2 6929 3636 
2 2777 4321 
2 4609 1770 
2 9043 3736 
2 10 8279 
2 6029 8725 
2 6914 5392 
2 4158 3087 
2 4982 9691 
2 9741 6985 
2 2189 7354 
2 8395 2335 
2 417 5284 
2 5204 9390 
2 3064 3317 
2 9252 135 
2 6328 7342 
2 6858 4755 
2 7253 9101 
2 7149 4341 
2 2962 1582 
2 7288 1972 
2 6016 3446 
2 8546 4122 
2 692 7705 
2 9041 4940 
2 9059 5220 
2 5657 5784 
2 3189 2522 
2 2857 8906 
2 5770 1405 
2 2635 7540 
2 3870 8904 
2 3972 749 
2 7273 5609 
2 5115 1891 
2 7892 1464 
2 6349 523 
2 8139 9770 
2 3685 9385 
2 6528 4478 
2 8155 1659 
2 1483 1297 
2 18 2043 
2 9188 5097 
2 6167 8393 
2 966 2398 
2 7559 7979 
2 4515 1246 
2 9838 9461 
2 8735 5690 
2 4380 5750 
2 3578 1277 
2 341 7441 
2 6017 1021 
2 6526 1788 
2 5003 2585 
2 5506 6841 
2 8537 7903 
2 9028 269 
2 5588 1024 
2 7592 7934 
2 5436 2108 
2 4458 872 
2 2764 6685 
2 5464 7955 
2 3243 9258 
2 2086 8722 
2 880 8431 
2 7160 3341 
2 2835 3440 
2 8228 9621 
2 6789 4231 
2 1000 1574 
2 567 6468 
2 2212 5648 
2 465 2391 
2 5257 1606 
2 6969 2832 
2 7952 4058 
2 1117 7344 
2 1710 1809 
2 2850 3985 
2 1 710 
2 9012 5775 
2 5322 8596 
2 6246 8674 
2 3827 8411 
2 9476 8641 
2 1969 8601 
2 954 4472 
2 4818 691 
2 8302 6853 
2 6155 2020 
2 8174 8320 
2 7568 8114 
2 6901 4337 
2 3360 9179 
2 9882 7912 
2 5396 5119 
2 5190 726 
2 5253 5044 
2 1838 531 
2 9819 7258 
2 2519 2886 
2 2202 5141 
2 3669 1549 
2 7746 1841 
2 7274 7831 
2 4431 146 
2 4377 6750 
2 5909 3513 
2 8462 1267 
2 3012 5351 
2 6047 9520 
2 413 6976 
2 7056 5579 
2 5148 5453 
2 2120 9583 
2 1315 6925 
2 2655 2953 
2 4827 3472 
2 7289 600 
2 2848 8714 
2 9779 7907 
2 5479 1619 
2 2101 9296 
2 8049 6574 
2 6590 7859 
2 7223 1883 
2 3294 5250 
2 1672 3582 
2 1385 2865 
2 9149 7577 
2 5892 2843 
2 3212 6941 
2 1199 2028 
2 7392 5743 
2 1326 2012 
2 2477 62 
2 8046 772 
2 6469 4256 
2 8846 1928 
2 8303 7917 
2 1455 1922 
2 3451 2733 
2 7722 4421 
2 2065 5465 
2 5116 211 
2 6264 9928 
2 4303 3449 
2 7828 3568 
2 7754 9262 
2 8783 109 
2 4133 9549 
2 534 4194 
2 6084 9254 
2 649 3149 
2 9424 1003 
2 8422 5061 
2 9118 9271 
2 7272 3813 
2 4449 8566 
2 4468 9004 
2 2218 1792 
2 6833 829 
2 2732 7446 
2 6803 4281 
2 3863 720 
2 1845 4366 
2 4439 1573 
2 6707 1634 
2 8644 4943 
2 7001 7465 
2 5243 4153 
2 1561 7543 
2 1113 141 
2 4608 4253 
2 2184 4785 
2 5473 396 
2 2897 2463 
2 9689 3931 
2 8932 1056 
2 9219 261 
2 4806 1521 
2 3753 936 
2 4399 2050 
2 2693 2312 
2 7076 104 
2 5580 8029 
2 6725 513 
2 5777 785 
2 1332 3068 
2 5274 9653 
2 8983 4284 
2 3278 9352 
2 6177 5290 
2 7093 419 
2 3726 8277 
2 1869 760 
2 3738 5150 
2 3923 4141 
2 2921 5071 
2 7871 4986 
2 4247 5785 
2 9913 90 
2 7443 2940 
2 259 342 
2 1850 6718 
2 8248 9606 
2 7165 6760 
2 8472 402 
2 4573 9458 
2 5584 565 
2 5507 1481 
2 3020 4592 
2 6286 4385 
3 9112 2701 2182 
3 8555 5317 7491 
3 3244 6027 844 
3 8455 2113 9197 
3 2355 7120 4625 
3 5309 6333 6832 
3 3072 4130 4283 
3 7520 7865 3832 
3 7700 706 7402 
3 1893 7118 674 
3 7640 3877 5107 
3 4564 2468 4028 
3 8230 48 8850 
3 3001 9528 2910 
3 6783 3779 5644 
3 8952 4580 6350 
3 3051 3395 8694 
3 2343 977 8653 
3 1513 8065 2025 
3 1160 9034 8900 
3 7251 6931 3838 
3 389 8318 8023 
3 4519 893 6916 
3 1103 6919 2447 
3 2089 9011 4786 
3 9723 1992 6111 
3 5428 8628 8477 
3 5297 9937 6367 
3 2068 8439 2661 
3 9847 3396 6006 
3 3583 5051 5348 
3 5703 6337 2133 
3 9605 7847 7958 
3 8342 4081 8106 
3 1994 1789 6883 
3 5611 1879 2141 
3 4532 7307 8838 
3 3969 3164 8479 
3 1492 9315 843 
3 4103 1559 1955 
3 3233 6800 8887 
3 3098 1377 9082 
3 8991 2324 6543 
3 8161 6209 4518 
3 9649 2121 6088 
3 1303 1866 3656 
3 5697 3221 1437 
3 5307 4325 6038 
3 4524 4207 7217 
3 1756 1262 9423 
3 8042 9029 1176 
3 848 9751 1680 
3 807 7728 8448 
3 8363 5654 335 
3 5888 5707 4529 
3 4867 3202 4848 
3 2990 8964 2357 
3 3951 3524 277 
3 1275 6188 6667 
3 5167 2420 3851 
3 1557 7711 5380 
3 6589 8008 1359 
3 7616 8855 3759 
3 437 4731 1728 
3 9448 3834 1126 
3 2302 3169 2880 
3 937 481 3844 
3 354 3078 4262 
3 7642 735 2305 
3 5113 361 2533 
3 9675 1019 5211 
3 7827 779 3905 
3 1139 9831 9662 
3 9128 4003 7906 
3 5994 7266 6288 
3 1101 5239 905 
3 6002 3617 9416 
3 7513 1882 4450 
3 9456 7928 8397 
3 2847 1512 4994 
3 7437 1947 76 
3 5287 2017 5878 
3 1771 1843 5160 
3 874 3767 6272 
3 2828 5271 8588 
3 9873 9120 5800 
3 5451 7758 7665 
3 4589 7961 6905 
3 6320 7685 839 
3 4995 7226 2273 
3 4569 2827 5312 
3 6563 8385 9948 
3 8483 2501 5254 
3 9654 9717 1091 
3 3868 2815 8176 
3 9313 9734 197 
3 8578 4800 6266 
3 8692 3652 332 
3 8345 2188 9704 
3 7306 2672 138 
3 577 7853 2323 
3 7130 3543 2605 
3 2061 2183 6336 
3 520 1873 403 
3 4100 3312 3558 
3 8825 7795 7324 
3 5136 5953 193 
3 7850 7574 496 
3 9883 5038 11 
3 1753 2842 65 
3 4865 9421 9098 
3 7054 1456 4502 
3 3277 7099 5012 
3 7615 9144 503 
3 1265 1669 8763 
3 8756 8589 133 
3 1993 4469 4525 
3 1811 6375 3708 
3 2030 7619 8536 
3 2639 5252 9281 
3 9038 1106 6384 
3 8378 606 3593 
3 7512 1504 5298 
3 1233 6772 7751 
3 8461 6797 5350 
3 5645 414 619 
3 827 9250 8469 
3 4888 6252 6390 
3 8310 7767 3752 
3 1902 2296 7421 
3 5471 5332 3503 
3 8519 5851 7047 
3 6386 4395 978 
3 4033 6521 4224 
3 1648 8873 658 
3 7121 2818 5175 
3 2898 6896 9125 
3 7630 5929 8743 
3 2748 4293 6416 
3 9453 7145 2496 
3 1505 4684 4623 
3 4009 5998 2742 
3 4799 4846 498 
3 7919 8502 4641 
3 8256 1396 7351 
3 5629 7069 3193 
3 3939 8200 922 
3 7579 5423 7697 
3 8731 4244 2053 
3 882 6641 3452 
3 7014 3517 7450 
3 539 8809 9919 
3 8409 8613 886 
3 6804 1306 5601 
3 2297 5076 6148 
3 9571 1434 5407 
3 9917 950 2034 
3 8167 8881 9022 
3 1347 8396 3305 
3 6545 8474 2517 
3 5402 883 2751 
3 416 1064 5521 
3 2879 3948 2309 
3 5347 3224 8522 
3 5937 7528 9974 
3 9 5919 340 
3 8003 5816 4059 
3 4250 2151 2092 
3 8447 9443 3653 
3 1712 1621 3668 
3 9903 4718 862 
3 7983 3707 8966 
3 9156 9067 672 
3 3304 7426 8487 
3 6110 4425 7451 
3 2592 5658 5011 
3 8087 2741 6325 
3 5260 960 6974 
3 5864 272 7368 
3 6482 9290 5482 
3 9697 6614 5760 
3 5209 3381 564 
3 8481 9522 6220 
3 6257 9171 324 
3 5461 881 5952 
3 4156 1318 1009 
3 9410 6405 2854 
3 8007 3549 7264 
3 9755 5829 5229 
3 245 2031 6970 
3 1085 5774 5140 
3 6605 9373 6202 
3 7087 5182 631 
3 7601 2581 9324 
3 9398 3531 3720 
3 6649 9203 4169 
3 4446 8484 6608 
3 4738 400 5891 
3 7100 2669 2221 
3 7232 2278 6971 
3 3416 8233 9323 
3 124 8826 8896 
3 9131 188 5630 
3 8671 6459 5469 
3 5169 7788 4108 
3 925 6541 8548 
3 7805 64 7432 
3 6548 4898 3397 
3 8208 6302 5379 
3 1089 3705 8027 
3 543 9566 3316 
3 8413 8997 8895 
3 9380 209 2771 
3 1642 9897 9878 
3 6053 4854 2756 
3 7352 7061 7655 
3 9397 1222 4257 
3 280 8240 5887 
3 1936 6219 9200 
3 9927 865 6815 
3 7174 8382 6766 
3 4708 420 6161 
3 9409 6392 6930 
3 3016 5755 7083 
3 7999 6490 9483 
3 33 7534 5594 
3 1259 6192 278 
3 7494 8610 4051 
3 1237 2262 9666 
3 271 3049 3336 
3 2939 9562 1995 
3 6423 5504 8367 
3 1562 6943 7942 
3 8597 7981 7337 
3 9987 1556 8159 
3 2663 2564 328 
3 9963 7462 1151 
3 4352 7719 4180 
3 194 7677 8817 
3 3310 9826 7773 
3 5884 4636 7227 
3 52 2190 6983 
3 2144 9093 6904 
3 1118 5731 7725 
3 2531 4701 3334 
3 6160 2299 1904 
3 2003 1909 5740 
3 1295 5862 3866 
3 9088 6757 2960 
3 1920 4661 2216 
3 5665 1774 7635 
3 5385 7998 8001 
3 418 5454 8595 
3 4304 4831 3036 
3 4070 7814 8432 
3 7578 1232 8199 
3 5663 6921 4715 
3 371 569 3080 
3 2186 3998 6308 
3 7410 6537 9843 
3 1204 4489 6269 
3 2653 5733 8163 
3 8943 8643 5179 
3 1063 2489 6228 
3 123 7782 5596 
3 8883 5682 9306 
3 1365 7695 1069 
3 4984 2236 800 
3 7904 3589 928 
3 5606 1487 3154 
3 3017 5836 178 
3 8679 6882 1172 
3 8889 1440 3895 
3 6585 9808 6567 
3 2139 852 373 
3 8327 8287 8398 
3 5753 6801 7343 
3 7984 4814 9771 
3 4542 5762 8425 
3 4975 9767 6630 
3 9906 2467 8312 
3 2213 8360 8618 
3 8178 9091 4510 
3 4883 9238 6378 
3 4206 4840 4409 
3 4983 8104 3008 
3 2449 7115 1830 
3 5374 3283 6303 
3 2093 758 1888 
3 6744 8575 5583 
3 7488 4406 1123 
3 86 7841 8307 
3 2922 4151 5300 
3 9510 4658 1743 
3 4719 7731 4588 
3 9245 1112 2039 
3 2598 348 4014 
3 9160 6117 4615 
3 9887 472 679 
3 1745 9738 3722 
3 4134 3253 5154 
3 6837 4855 7894 
3 4416 1839 770 
3 1296 2752 2540 
3 1323 3340 6503 
3 4745 9023 5685 
3 1591 4829 8192 
3 7553 6759 9493 
3 6080 5746 2665 
3 2239 9100 7381 
3 4486 9175 8300 
3 699 5730 1363 
3 2006 8849 5525 
3 8676 7581 2822 
3 2936 9532 6806 
3 3022 6048 7385 
3 7511 2142 4289 
3 1900 2775 9505 
3 2878 279 5485 
3 9327 7707 442 
3 7708 8894 9772 
3 9478 9274 851 
3 6727 6645 3267 
3 5449 5854 2399 
3 4272 2954 4248 
3 6625 7275 7140 
3 353 8443 6629 
3 7314 3354 4734 
3 5316 6226 5349 
3 9374 4128 3455 
3 2311 3716 6949 
3 5921 4626 687 
3 2547 5171 350 
3 7715 1366 2861 
3 2667 8417 5791 
3 8358 7721 1939 
3 1923 6652 7454 
3 4516 1344 2837 
3 7688 5440 4774 
3 4392 9693 5624 
3 5721 457 6366 
3 2566 2163 4961 
3 570 6466 713 
3 9596 6779 6431 
3 5437 1043 93 
3 7467 5796 6090 
3 589 6287 3471 
3 376 4839 1895 
3 3910 4699 9099 
3 5492 5164 2758 
3 2204 4842 6572 
3 8183 9944 6524 
3 2198 5561 979 
3 4358 8115 9441 
3 2013 4044 3579 
3 1207 2277 6716 
3 3803 117 3781 
3 3062 791 6582 
3 98 618 1032 
3 7854 2684 1940 
3 2806 7611 9972 
3 2844 6808 9581 
3 3116 1146 7759 
3 6455 3491 7910 
3 8563 2066 1551 
3 89 1804 6693 
3 158 8657 9058 
3 474 164 4064 
3 9898 5330 3861 
3 8005 1890 7142 
3 6607 2992 6317 
3 7891 1738 8738 
3 4265 5729 8229 
3 8586 8290 1757 
3 5049 7875 1698 
3 69 330 9212 
3 3216 6751 8673 
3 4973 1677 6820 
3 4535 9109 9049 
3 3069 3663 4007 
3 5508 1612 1250 
3 902 669 3624 
3 8257 9942 4344 
3 1156 5905 9279 
3 3422 3835 1411 
3 170 1203 6380 
3 9648 2521 9958 
3 689 9529 8778 
3 2102 9931 4933 
3 3463 7526 2103 
3 2611 8226 450 
3 7833 7508 5493 
3 8157 4508 1695 
3 5193 4055 2717 
3 2819 1181 4837 
3 1197 3672 4838 
3 2634 2064 7584 
3 1042 908 6965 
3 8912 9692 6224 
3 2165 8179 255 
3 876 2997 4410 
3 9251 4506 5041 
3 1865 9321 7003 
3 2697 7996 3213 
3 5550 9644 81 
3 6049 7560 3021 
3 6690 8369 5226 
3 4440 6596 9471 
3 6484 2866 9544 
3 5739 8660 2603 
3 8012 4972 9713 
3 8284 363 1324 
3 3245 3941 7072 
3 9153 2386 1889 
3 8121 744 510 
3 7914 4853 9611 
3 6978 7244 7953 
3 2334 7020 6250 
3 9394 4922 3067 
3 9712 9868 725 
3 343 1501 4781 
3 8897 3782 5678 
3 6239 7678 6535 
3 4087 9730 3573 
3 3176 6465 5672 
3 3331 2088 3420 
3 1510 5228 9568 
3 5766 4927 532 
3 2483 8701 3667 
3 4988 8111 7593 
3 4322 6297 7429 
3 889 4467 6173 
3 8868 7077 3674 
3 4460 2636 6101 
3 3701 507 8154 
3 1358 1346 3633 
3 9964 5337 5168 
3 620 8946 4339 
3 9600 4947 3389 
3 5354 3492 6644 
3 9199 8953 3926 
3 4246 8209 6119 
3 5932 6778 3968 
3 152 3264 4704 
3 1016 8285 715 
3 3178 6294 4845 
3 4069 3987 4473 
3 1107 4668 4938 
3 7935 3004 2087 
3 2647 242 1697 
3 7600 5605 3841 
3 5683 2421 6679 
3 5599 301 4652 
3 7654 2900 119 
3 3711 4309 3988 
3 7049 4415 5849 
3 9527 4813 3554 
3 7172 367 2219 
3 9832 5911 7515 
3 810 2154 3732 
3 7514 2534 3862 
3 9935 5527 6293 
3 5764 8196 9518 
3 841 7218 134 
3 8598 2971 8076 
3 4266 9945 96 
3 7768 5043 5057 
3 2859 9339 9854 
3 1593 9056 2659 
3 7774 100 4426 
3 7262 3029 4230 
3 5788 4722 9367 
3 3010 7624 422 
3 24 8721 2802 
3 7535 2627 4072 
3 566 2926 4966 
3 7284 5310 5917 
3 5610 8043 8313 
3 8978 9085 8141 
3 7026 2032 1264 
3 7541 5094 3496 
3 6041 1791 4860 
3 7812 574 6404 
3 1974 612 989 
3 3587 3198 2545 
3 2097 2436 3677 
3 3271 1288 1569 
3 9846 8824 9564 
3 8344 1084 2722 
3 9468 730 5424 
3 8187 9291 1008 
3 9645 9467 512 
3 4384 3208 3094 
3 2422 9587 6717 
3 6990 5147 6300 
3 1293 4959 215 
3 7036 3630 3457 
3 7666 7080 5028 
3 8403 3625 9708 
3 7842 3797 4619 
3 3689 938 1245 
3 8710 7415 8351 
3 9163 8971 7864 
3 3859 8996 9612 
3 6157 4302 1741 
3 3052 9496 6664 
3 7626 5474 5964 
3 9230 5832 548 
3 4554 2873 521 
3 5441 2366 1546 
3 5529 5776 7411 
3 5765 8730 1964 
3 7122 8715 9273 
3 1047 1066 5660 
3 824 3881 5531 
3 4166 5607 8720 
3 238 377 3104 
3 8129 5899 6506 
3 6909 7105 3498 
3 1795 8940 4422 
3 5054 8774 2130 
3 3006 885 5942 
3 1439 7683 2836 
3 9625 8935 2508 
3 9371 1617 5476 
3 9888 9911 7664 
3 8225 625 7102 
3 8967 6421 9383 
3 9382 6840 789 
3 5058 4952 6385 
3 6862 8884 3562 
3 6627 4015 5518 
3 2961 2418 2931 
3 198 9711 7111 
3 8751 5321 3228 
3 7071 308 9177 
3 5972 1004 7889 
3 6031 4603 82 
3 5901 1884 4145 
4 4001 1116 5871 9268 
4 6030 424 2628 9664 
4 5376 616 8492 8757 
4 1216 9785 4820 6986 
4 8201 7567 9821 2019 
4 6012 6450 9904 7463 
4 1524 3815 6584 3031 
4 7301 5958 8325 8898 
4 7718 5758 1475 3790 
4 8070 2803 3614 1442 
4 236 5574 5632 2310 
4 9932 7286 8750 9661 
4 4692 4822 2651 7137 
4 6836 1304 1760 372 
4 4492 4671 9403 7546 
4 3470 4657 8981 3917 
4 7016 5655 9113 8459 
4 718 3961 2727 4828 
4 2359 7570 1022 3830 
4 4149 2853 232 1099 
4 5371 9048 7269 3350 
4 9355 1485 3510 8909 
4 7213 3740 623 5549 
4 8328 1087 3991 8998 
4 7572 2364 282 3975 
4 1564 226 1164 7478 
4 6663 8418 8494 6912 
4 8561 1950 6276 6410 
4 9940 805 7325 1894 
4 4418 7959 3900 923 
4 5419 1039 2170 5616 
4 2768 9246 5983 5340 
4 1319 6394 2737 1530 
4 9628 2744 1180 8006 
4 2127 227 3044 5761 
4 3248 7305 2686 4179 
4 626 3252 235 4185 
4 7260 1611 1141 381 
4 8976 3544 7089 4713 
4 2122 5913 8580 5505 
4 1968 2071 2993 2979 
4 7495 6899 5845 429 
4 705 6451 6122 1499 
4 5673 6672 1829 6278 
4 8436 1568 2970 2643 
4 4054 7358 2746 8854 
4 8419 4778 6829 3854 
4 7 3358 2427 9559 
4 9491 1076 4936 7114 
4 5101 9039 3914 4481 
4 7696 9243 7622 1498 
4 205 6424 7075 5 
4 4526 813 9639 1048 
4 8688 8298 4624 6127 
4 3480 2712 94 6933 
4 6121 3973 4261 1927 
4 2964 9366 1283 1408 
4 8384 5110 6892 4996 
4 8122 2457 4605 8269 
4 4752 7732 9610 9969 
4 2099 1017 8650 2107 
4 8276 4614 8231 8132 
4 7406 6142 9540 1428 
4 8639 7913 9260 899 
4 3490 7094 5344 8879 
4 9220 2524 9303 8814 
4 1898 9358 8811 7717 
4 3093 180 3955 2871 
4 5861 1307 7629 6843 
4 2234 4645 680 6256 
4 2511 1826 9668 3539 
4 2274 561 9232 4556 
4 840 4586 9635 8160 
4 5365 1314 9695 9328 
4 4063 1284 5313 7321 
4 7802 7982 1079 3588 
4 7937 8468 5090 2616 
4 1062 6618 8314 9547 
4 9356 7839 2638 934 
4 3428 9178 387 7361 
4 931 2699 8074 7220 
4 9758 8516 3533 9309 
4 7237 7112 7309 981 
4 3100 7196 9071 6775 
4 4964 169 3015 7170 
4 1533 2437 1683 7431 
4 6060 281 698 7986 
4 9709 3721 7620 3883 
4 6944 8464 9431 4823 
4 2340 214 2664 2680 
4 7113 1746 9077 815 
4 8913 6243 7790 8406 
4 4012 84 9135 3333 
4 2515 2160 8109 8450 
4 3635 7490 2823 5636 
4 7357 4897 5959 5935 
4 3393 518 203 3226 
4 446 8973 7279 6042 
4 8315 5292 9494 2207 
4 3944 5575 7792 5850 
4 107 1191 217 7787 
4 7518 1443 8576 7366 
4 5821 455 1761 3703 
4 5341 1785 7329 202 
4 666 3745 3706 9607 
4 3048 7784 3055 6530 
4 1960 6193 9745 287 
4 6045 7920 4967 7837 
4 4558 2045 3038 1299 
4 5023 955 3564 4531 
4 5556 4412 3235 5324 
4 7420 5535 2776 2694 
4 2994 7379 9613 8014 
4 6646 9105 9187 5879 
4 975 2770 5187 2868 
4 8058 1676 8843 6432 
4 6666 1636 9259 8437 
4 4511 3097 5745 3249 
4 7442 8632 323 9733 
4 1144 2220 6702 2640 
4 1382 1670 4899 9404 
4 4407 2855 2623 4876 
4 8527 3660 8543 5420 
4 2018 9060 866 6227 
4 4725 7676 1870 8880 
4 6395 9334 8564 8949 
4 9376 9236 421 2747 
4 7957 1174 2796 7405 
4 1862 1215 4029 2571 
4 3847 7525 4082 3609 
4 9818 1422 2877 4041 
4 2253 3848 1460 9790 
4 7923 7699 5825 2589 
4 5877 7117 1379 4157 
4 5087 404 8379 7474 
4 8291 1219 9875 2401 
4 9724 4539 74 9018 
4 5389 1230 6586 7043 
4 1600 7632 3448 1509 
4 5858 4857 8381 5900 
4 3161 9051 2881 3820 
4 2052 6373 382 298 
4 5156 9363 8965 1035 
4 3105 5809 5631 8032 
4 3459 219 3981 7330 
4 1976 7212 8317 2362 
4 6019 1517 5897 7800 
4 663 3467 8993 4736 
4 754 8781 3441 8335 
4 636 1528 8570 6138 
4 5604 4816 9263 3101 
4 310 3172 3684 444 
4 9608 2978 8460 6381 
4 1507 2579 9680 1523 
4 7862 2407 3884 3162 
4 8736 166 1128 2919 
4 3399 7298 8902 2780 
4 1647 6236 7050 6557 
4 2303 6811 8860 6894 
4 5083 9066 7657 6283 
4 2057 8961 8594 3867 
4 2812 5283 2317 2497 
4 5410 8557 3215 8599 
4 4762 957 2466 3146 
4 5120 155 1317 8638 
4 1046 3952 4243 5207 
4 8972 7126 315 4066 
4 3144 7236 4074 8712 
4 4825 9839 557 6626 
4 9344 390 4836 6369 
4 9294 2527 6852 6400 
4 3125 700 4693 2164 
4 1129 1012 5593 2095 
4 2781 3042 2563 6699 
4 4590 2059 1248 9297 
4 9401 6305 5875 4080 
4 8156 9500 6259 8075 
4 6329 932 4090 8077 
4 9761 1718 6422 5526 
4 8343 1387 1292 6353 
4 3466 5185 5108 2395 
4 3771 179 761 9104 
4 7205 3273 7763 5198 
4 2200 7682 4906 6592 
4 9459 9210 5302 8560 
4 9288 8532 8496 6951 
4 4735 5422 6680 1816 
4 461 4143 8733 2991 
4 6480 7134 4819 6839 
4 4234 3983 8646 5628 
4 216 628 4089 2416 
4 7583 4110 7349 7573 
4 2817 9472 1201 8249 
4 2671 6662 7860 284 
4 2657 4096 1598 7464 
4 6115 8429 8878 7960 
4 8742 8221 2580 5885 
4 5384 3647 3920 8170 
4 1749 4656 2487 1956 
4 7360 2194 4464 4549 
4 940 502 321 5515 
4 2905 8237 47 5386 
4 867 3970 2104 5255 
4 464 3960 7954 2925 
4 3547 9225 5199 7299 
4 149 5906 2380 7182 
4 5498 4523 6953 6037 
4 7201 7270 5495 5843 
4 8009 6473 9916 4582 
4 1705 6434 8623 684 
4 285 4536 6458 6897 
4 3254 247 657 8148 
4 8515 1452 769 432 
4 9292 1071 1941 1424 
4 8278 9195 2804 6299 
4 8553 9856 6079 615 
4 1717 4438 6568 4748 
4 3286 6215 4977 1132 
4 9743 1413 7793 2913 
4 5523 8002 6991 907 
4 1545 4882 3127 3037 
4 6471 4061 5536 3152 
4 1640 5710 6704 147 
4 858 8649 2173 3183 
4 1543 1881 9143 8937 
4 7750 5040 8400 4517 
4 8262 4910 2341 2749 
4 3622 7651 1467 4766 
4 6740 8866 8238 7382 
4 7092 5747 1251 653 
4 914 4305 3892 201 
4 949 5945 7000 4953 
4 8869 7271 5881 6267 
4 88 423 4782 3768 
4 8690 8103 9792 5244 
4 8296 1861 1200 7468 
4 9558 1110 31 407 
4 4949 832 2912 7673 
4 9775 5281 4202 1122 
4 1579 3237 5620 6844 
4 4391 1852 6701 982 
4 6134 1793 9248 8452 
4 1516 9715 7084 3561 
4 3 102 6540 6880 
4 7882 8934 6051 924 
4 3247 4759 9221 4034 
4 533 7621 7691 3438 
4 7210 1825 3132 1014 
4 126 2281 7129 6140 
4 7082 2279 4119 4372 
4 6504 7835 8864 5027 
4 5256 8373 9594 1050 
4 8836 6103 1494 7143 
4 3930 7811 2062 5618 
4 5439 4423 1159 3737 
4 3610 1414 759 6091 
4 1330 16 5277 2106 
4 5808 2392 3250 7013 
4 6393 4433 6074 4942 
4 594 879 3159 556 
4 240 8916 2670 5914 
4 2117 4348 1690 5664 
4 712 1351 9851 694 
4 6501 3403 8093 8081 
4 2321 8540 7416 9728 
4 8512 5288 500 8886 
4 3458 3518 5189 5853 
4 9287 2209 3344 9769 
4 5273 4168 4258 6461 
4 3086 7233 7656 6661 
4 878 766 2944 2096 
4 6668 8375 7660 3608 
4 6166 8717 2824 5813 
4 5212 6684 3810 4135 
4 1716 5966 549 7778 
4 7334 6348 9670 1578 
4 4077 7293 904 8591 
4 60 5625 7745 57 
4 8416 2882 9429 4537 
4 5433 5984 2945 3167 
4 3180 6324 3143 7319 
4 1867 4691 9388 1088 
4 7326 2179 1321 2011 
4 4817 2493 486 2051 
4 7308 9117 6383 2238 
4 7783 1925 1531 707 
4 7524 7222 9799 2460 
4 151 331 5814 3621 
4 3032 4346 2091 7340 
4 7846 6846 4527 22 
4 2596 4136 5802 7968 
4 9351 4228 9231 3595 
4 8036 2891 1115 6082 
4 1375 4085 6635 8346 
4 2265 1978 9584 8434 
4 7448 1703 3439 802 
4 3569 7496 1227 1028 
4 3704 1688 6255 9162 
4 9749 6023 2718 6857 
4 1734 4373 5153 8000 
4 8274 5117 6877 2041 
4 8064 850 9395 9182 
4 6522 8210 5248 7007 
4 6656 8376 6508 764 
4 782 2554 8391 4376 
4 4212 6885 9020 1522 
4 9683 8059 4760 3570 
4 2582 6449 4789 9850 
4 2119 1208 9336 9370 
4 4232 7006 6081 4328 
4 491 6365 1490 6710 
4 8095 1681 6214 4455 
4 9560 9874 7022 4260 
4 4310 3487 6575 8331 
4 5230 659 1988 1755 
4 9247 2282 5216 5863 
4 7030 257 5064 7791 
4 7009 1812 8435 4330 
4 378 9966 8090 4583 
4 5962 7035 5096 2543 
4 5073 248 8642 673 
4 3229 3083 8442 1519 
4 7771 2738 6606 732 
4 21 4347 656 1061 
4 525 7460 352 9372 
4 5752 1723 2094 5484 
4 359 467 9411 1432 
4 593 7459 9737 1628 
4 554 8080 295 5866 
4 6181 9681 3585 6516 
4 9952 9541 5980 8521 
4 7492 6825 2889 8412 
4 3519 6669 854 4895 
4 1143 1833 6070 6550 
4 7261 1732 8097 6936 
4 4783 5346 9216 7880 
4 8259 2676 3220 6496 
4 7936 6156 4042 5646 
4 1846 912 4091 8955 
4 2977 3292 2470 4239 
4 5121 2947 6439 9042 
4 4172 45 887 4716 
4 9381 4314 6964 7391 
4 5519 6845 522 2158 
4 7211 8166 471 8136 
4 3829 3061 5280 1787 
4 1353 6698 9024 8245 
4 2033 2150 5162 3727 
4 6809 9561 8528 499 
4 394 4062 4095 7124 
4 1025 1908 4004 4980 
4 6967 8217 6318 1104 
4 6588 477 3853 2622 
4 4908 3996 8914 741 
4 8892 2610 4445 9967 
4 5608 6462 6738 7473 
4 262 2024 7976 9794 
4 6065 4753 1762 8508 
4 4934 5149 3921 2809 
4 3130 1367 933 9224 
4 1376 6968 7192 1566 
4 3856 156 5475 5924 
4 8267 6805 2839 3637 
4 6559 1338 6924 4056 
4 9866 9554 289 1023 
4 1127 2075 454 6770 
4 7918 8149 4030 5545 
4 3599 2658 9830 8383 
4 9732 1015 6230 9859 
4 5267 8587 4784 5573 
4 6802 5490 7762 5227 
4 9722 1274 4915 4375 
4 8876 7439 8119 4491 
4 5020 5361 290 23 
4 4413 8433 3869 3421 
4 1013 3207 901 7824 
4 4045 3163 2544 2689 
4 3419 4140 494 7323 
4 2630 5387 5946 6643 
4 1997 5245 1080 8118 
4 1979 4271 9735 5037 
4 7794 1702 6147 7238 
4 8053 8857 8138 7133 
4 3600 4664 2688 8614 
4 2128 6966 6712 9223 
4 5400 5219 9577 5314 
4 6947 7503 97 2685 
4 473 3770 3434 6453 
4 44 448 6926 9062 
4 1550 4950 2413 2291 
4 2760 3719 8185 6368 
4 6182 6613 6099 2513 
4 1842 6050 8837 5462 
4 2145 2325 1167 1989 
4 7544 818 9089 2464 
4 8538 8401 4493 4567 
4 1435 56 5062 5053 
4 7797 3474 5176 4499 
4 2673 17 9146 1985 
4 2185 5997 111 7255 
4 7383 677 6313 112 
4 63 847 551 5409 
4 3030 1547 538 583 
4 6745 1535 8214 2983 
4 3822 9414 552 545 
4 5427 409 8244 1542 
4 9714 3401 6457 1186 
4 5399 2888 6758 4026 
4 7335 746 9040 762 
4 3634 9620 3497 849 
4 4430 3762 8670 7921 
4 7796 3874 1632 9781 
4 260 7971 2434 562 
4 997 2313 9204 2734 
4 1835 7530 3742 6488 
4 3089 4600 3787 8250 
4 9487 2870 3878 6233 
4 3274 7106 540 299 
4 6722 5522 6688 9965 
4 2951 1878 5247 2565 
4 4543 6507 8220 9955 
4 8691 398 8026 4561 
4 8275 7609 9190 7874 
4 6064 445 3515 5056 
4 8387 6483 4132 4002 
4 6258 2230 6419 602 
4 3361 1977 7397 8252 
4 6028 994 1137 8399 
4 6211 7883 3435 5537 
4 9686 1571 7487 9073 
4 3009 2650 8286 8999 
4 5129 6107 9063 7531 
4 9810 7569 3743 4944 
4 9361 7931 3376 528 
4 6569 8726 617 8654 
4 8272 1589 7898 9302 
4 5563 1814 4717 9357 
4 3728 9968 6201 3195 
4 6946 3755 3891 148 
4 4654 9375 7088 265 
4 5719 9752 8454 9046 
4 4997 1689 9973 6456 
4 1454 9536 3041 5803 
4 6210 5111 6491 6295 
4 7078 9592 3479 2619 
4 7995 3978 7407 116 
4 9481 3065 4484 571 
4 3206 987 3158 4607 
4 2816 796 168 61 
4 6195 8929 5889 8861 
4 3370 4971 5231 1327 
4 3556 9623 3591 7203 
4 2509 5565 4023 4763 
4 5735 1441 3349 5756 
4 5395 2552 9667 3284 
4 4290 5965 8019 2235 
4 6213 7641 6413 8655 
4 5792 1369 5124 2595 
4 2677 4176 9797 6055 
4 9750 2784 4514 926 
4 9557 3494 2833 5202 
4 7423 6277 1417 3818 
4 1508 4313 9325 26 
4 3700 4951 9086 8658 
4 1840 6565 8288 6610 
4 6165 212 6377 6935 
4 8348 3855 2269 5769 
4 917 5034 4387 5146 
4 609 4201 4881 3450 
4 5315 3735 9122 4308 
4 585 9812 4287 8020 
4 1473 9553 5744 1240 
4 9914 7877 7556 8844 
4 7169 9284 306 9879 
4 8117 7941 7188 6001 
4 8626 2551 2989 1948 
4 6598 5772 1058 9110 
4 3240 1631 6251 7943 
4 8958 6178 6158 258 
4 4957 8069 5007 4047 
4 2111 4363 5008 3066 
4 8083 7743 6095 3050 
4 7757 8265 2441 5100 
4 4237 6957 9055 5246 
4 7254 2381 2710 2073 
4 5738 9910 8680 3890 
4 1427 6396 1341 3785 
4 803 4914 572 2615 
4 5633 2963 1053 1821 
4 6244 384 1506 804 
4 5767 8760 745 1029 
4 5203 2004 9134 8471 
4 6435 527 3937 3261 
4 9922 7363 1576 101 
4 4798 9159 544 6279 
4 4871 632 8293 4443 
4 5397 1986 5497 8796 
4 1801 9858 9181 1662 
4 8905 951 2223 2958 
4 5512 822 5988 6593 
4 9123 3695 2618 9485 
4 1114 6536 9148 1329 
4 716 6361 3507 5039 
4 7248 8099 7963 1678 
4 8695 4706 3090 8066 
4 6470 4935 4925 819 
4 5689 5975 7193 4598 
4 9601 1446 3204 2525 
4 5425 2135 3953 6888 
4 8146 3774 1147 5065 
4 1765 4618 695 7031 
4 9629 8088 5161 5145 
4 820 3824 1310 2632 
4 4182 4006 2035 3865 
4 794 4217 2319 4144 
4 9580 487 9871 514 
4 7066 9637 9332 7493 
4 1153 3469 6417 5286 
4 7178 3464 8574 6591 
4 8697 3415 9261 6870 
4 787 1154 4263 8980 
4 3383 1529 2798 4178 
4 4210 370 302 1886 
4 2957 7588 8024 1538 
4 4495 8672 3047 2208 
4 1193 9147 9576 6822 
4 144 9477 1548 1052 
4 7471 2975 5898 640 
4 5933 3915 375 3901 
4 8768 9533 6399 7135 
4 9451 4067 1583 756 
4 3666 7554 5883 2233 
4 3651 9298 8306 4331 
4 1626 4092 871 243 
4 8017 6767 7510 2681 
4 2808 5713 4720 5353 
4 8727 6782 6481 8241 
4 5944 2800 2976 8773 
4 5509 6172 3500 8130 
4 7332 8232 2706 1952 
4 3447 3436 1138 9405 
4 9598 4195 541 1872 
4 5318 191 9152 2258 
4 1859 5701 6673 1917 
4 2473 5637 3002 927 
4 1400 1362 9350 3025 
4 3947 7548 3924 7521 
4 635 8504 9108 8368 
4 9457 6611 349 1597 
4 6615 5566 8063 9971 
4 7991 5603 6352 952 
4 990 1466 2451 9078 
4 915 4870 2715 2626 
4 9330 5668 1818 4601 
4 6154 2257 4374 863 
4 8173 1794 2171 3997 
4 7480 3958 8172 8539 
4 8142 2662 3468 6284 
4 7057 7362 9660 9956 
4 7040 4359 1228 4205 
4 3763 4923 2260 1184 
4 5126 7529 4104 6977 
4 2459 6913 366 6633 
4 8162 392 6763 8741 
4 9886 948 5577 3133 
4 1674 6406 8592 7138 
4 9032 3586 7834 8645 
4 8923 9861 2264 2516 
4 7398 7829 3313 5757 
4 6518 7989 1849 4152 
4 4890 8888 8013 5305 
4 6997 8707 8202 6674 
4 9774 2614 5069 5513 
4 6371 5647 5466 2098 
4 2692 2356 3936 6871 
4 8982 3113 2159 9876 
4 9402 4471 6057 5679 
4 8960 6007 9925 2246 
4 7542 9211 9368 3309 
4 6415 2143 6332 1482 
4 6499 8101 2529 4689 
4 7686 5860 2840 3959 
4 4875 5661 6917 2358 
4 7399 4676 9582 988 
4 5847 2022 7878 165 
